<?xml version="1.0" encoding="UTF-8"?>
<testng-results skipped="0" failed="0" ignored="0" total="2" passed="2">
  <reporter-output>
  </reporter-output>
  <suite name="Default suite" duration-ms="20870" started-at="2018-05-23T09:35:52Z" finished-at="2018-05-23T09:36:13Z">
    <groups>
    </groups>
    <test name="Default test" duration-ms="20870" started-at="2018-05-23T09:35:52Z" finished-at="2018-05-23T09:36:13Z">
      <class name="com.test.LoginTest">
        <test-method status="PASS" signature="beforeTest()[pri:0, instance:com.test.LoginTest@473b3b7a]" name="beforeTest" is-config="true" duration-ms="5132" started-at="2018-05-23T09:35:52Z" finished-at="2018-05-23T09:35:57Z">
          <reporter-output>
          </reporter-output>
        </test-method> <!-- beforeTest -->
        <test-method status="PASS" signature="firstTest()[pri:1, instance:com.test.LoginTest@473b3b7a]" name="firstTest" duration-ms="15079" started-at="2018-05-23T09:35:57Z" finished-at="2018-05-23T09:36:12Z">
          <reporter-output>
          </reporter-output>
        </test-method> <!-- firstTest -->
        <test-method status="PASS" signature="logoutTest()[pri:2, instance:com.test.LoginTest@473b3b7a]" name="logoutTest" duration-ms="495" started-at="2018-05-23T09:36:12Z" finished-at="2018-05-23T09:36:12Z">
          <reporter-output>
          </reporter-output>
        </test-method> <!-- logoutTest -->
        <test-method status="PASS" signature="tearDown()[pri:0, instance:com.test.LoginTest@473b3b7a]" name="tearDown" is-config="true" duration-ms="119" started-at="2018-05-23T09:36:12Z" finished-at="2018-05-23T09:36:13Z">
          <reporter-output>
          </reporter-output>
        </test-method> <!-- tearDown -->
      </class> <!-- com.test.LoginTest -->
    </test> <!-- Default test -->
  </suite> <!-- Default suite -->
</testng-results>
